<?xml version="1.0" encoding="utf-8"?><testsuites><testsuite name="pytest" errors="0" failures="0" skipped="0" tests="13" time="0.052" timestamp="2025-01-30T19:53:33.786773+01:00" hostname="Rohith"><testcase classname="test.test_classes" name="test_inheritance" time="0.004" /><testcase classname="test.test_classes" name="test_properties" time="0.001" /><testcase classname="test.test_classes" name="test_horse" time="0.000" /><testcase classname="test.test_data" name="test_add_item" time="0.000" /><testcase classname="test.test_data" name="test_set_item" time="0.000" /><testcase classname="test.test_data" name="test_transform_items" time="0.001" /><testcase classname="test.test_data" name="test_string_formatting" time="0.000" /><testcase classname="test.test_data" name="test_get_evaluation" time="0.000" /><testcase classname="test.test_data" name="test_get_evaluation_2" time="0.000" /><testcase classname="test.test_data" name="test_file_operations" time="0.005" /><testcase classname="test.test_dataclasses" name="test_dataclass" time="0.000" /><testcase classname="test.test_enums" name="test_sample" time="0.000" /><testcase classname="test.test_enums" name="test_labels" time="0.000" /></testsuite></testsuites>